app/build/intermediates/manifest_merge_blame_file/liveDebug/manifest-merger-blame-live-debug-report.txt
1<?xml version="1.0" encoding="utf-8"?>
2<manifest xmlns:android="http://schemas.android.com/apk/res/android"
3    package="com.newteasypay.android"
4    android:versionCode="125"
5    android:versionName="3.4.3" >
6
7    <uses-sdk
8        android:minSdkVersion="23"
8-->src/main/AndroidManifest.xml
9        android:targetSdkVersion="32" />
9-->src/main/AndroidManifest.xml
10
11    <uses-permission android:name="android.permission.ACCESS_NETWORK_STATE" />
11-->src/main/AndroidManifest.xml:6:5-79
11-->src/main/AndroidManifest.xml:6:22-76
12    <uses-permission android:name="android.permission.BLUETOOTH_CONNECT" />
12-->src/main/AndroidManifest.xml:7:5-76
12-->src/main/AndroidManifest.xml:7:22-73
13    <uses-permission android:name="android.permission.USE_BIOMETRIC" />
13-->src/main/AndroidManifest.xml:8:5-72
13-->src/main/AndroidManifest.xml:8:22-69
14    <uses-permission android:name="android.permission.BLUETOOTH" />
14-->src/main/AndroidManifest.xml:9:5-68
14-->src/main/AndroidManifest.xml:9:22-65
15    <uses-permission android:name="android.permission.BLUETOOTH_ADMIN" />
15-->src/main/AndroidManifest.xml:10:5-74
15-->src/main/AndroidManifest.xml:10:22-71
16    <uses-permission android:name="android.permission.READ_CONTACTS" />
16-->src/main/AndroidManifest.xml:11:5-72
16-->src/main/AndroidManifest.xml:11:22-69
17    <uses-permission android:name="android.permission.INTERNET" />
17-->src/main/AndroidManifest.xml:12:5-67
17-->src/main/AndroidManifest.xml:12:22-64
18    <uses-permission android:name="android.permission.CAMERA" />
18-->src/main/AndroidManifest.xml:13:5-65
18-->src/main/AndroidManifest.xml:13:22-62
19    <uses-permission android:name="android.permission.VIBRATE" />
19-->src/main/AndroidManifest.xml:14:5-66
19-->src/main/AndroidManifest.xml:14:22-63
20    <uses-permission android:name="android.permission.READ_EXTERNAL_STORAGE" />
20-->src/main/AndroidManifest.xml:15:5-80
20-->src/main/AndroidManifest.xml:15:22-77
21    <uses-permission android:name="android.permission.FOREGROUND_SERVICE" />
21-->src/main/AndroidManifest.xml:16:5-77
21-->src/main/AndroidManifest.xml:16:22-74
22    <uses-permission
22-->src/main/AndroidManifest.xml:17:5-19:38
23        android:name="android.permission.READ_PHONE_STATE"
23-->src/main/AndroidManifest.xml:18:9-59
24        android:maxSdkVersion="29" />
24-->src/main/AndroidManifest.xml:19:9-35
25    <uses-permission android:name="android.permission.ACCESS_COARSE_LOCATION" />
25-->src/main/AndroidManifest.xml:20:5-81
25-->src/main/AndroidManifest.xml:20:22-78
26    <uses-permission android:name="android.permission.ACCESS_FINE_LOCATION" />
26-->src/main/AndroidManifest.xml:21:5-79
26-->src/main/AndroidManifest.xml:21:22-76
27    <uses-permission android:name="android.permission.READ_PHONE_NUMBERS" />
27-->src/main/AndroidManifest.xml:22:5-77
27-->src/main/AndroidManifest.xml:22:22-74
28
29    <uses-feature
29-->src/main/AndroidManifest.xml:24:5-26:35
30        android:name="android.hardware.camera.any"
30-->src/main/AndroidManifest.xml:25:9-51
31        android:required="true" />
31-->src/main/AndroidManifest.xml:26:9-32
32    <uses-feature
32-->src/main/AndroidManifest.xml:27:5-29:36
33        android:name="android.hardware.camera.autofocus"
33-->src/main/AndroidManifest.xml:28:9-57
34        android:required="false" />
34-->src/main/AndroidManifest.xml:29:9-33
35
36    <uses-permission android:name="android.permission.WAKE_LOCK" />
36-->[androidx.work:work-runtime:2.7.0-rc01] AndroidManifest.xml:25:5-68
36-->[androidx.work:work-runtime:2.7.0-rc01] AndroidManifest.xml:25:22-65
37    <uses-permission android:name="android.permission.RECEIVE_BOOT_COMPLETED" /> <!-- suppress DeprecatedClassUsageInspection -->
37-->[androidx.work:work-runtime:2.7.0-rc01] AndroidManifest.xml:27:5-81
37-->[androidx.work:work-runtime:2.7.0-rc01] AndroidManifest.xml:27:22-78
38    <uses-permission android:name="android.permission.USE_FINGERPRINT" />
38-->[androidx.biometric:biometric:1.2.0-alpha04] AndroidManifest.xml:27:5-74
38-->[androidx.biometric:biometric:1.2.0-alpha04] AndroidManifest.xml:27:22-71
39
40    <application
40-->src/main/AndroidManifest.xml:31:5-103:19
41        android:appComponentFactory="androidx.core.app.CoreComponentFactory"
41-->[androidx.core:core:1.7.0] AndroidManifest.xml:24:18-86
42        android:fullBackupContent="false"
42-->src/main/AndroidManifest.xml:32:9-42
43        android:icon="@drawable/logo_3color"
43-->src/main/AndroidManifest.xml:33:9-45
44        android:label="@string/app_name"
44-->src/main/AndroidManifest.xml:34:9-41
45        android:requestLegacyExternalStorage="true"
45-->src/main/AndroidManifest.xml:35:9-52
46        android:roundIcon="@drawable/logo_3color"
46-->src/main/AndroidManifest.xml:36:9-50
47        android:supportsRtl="true"
47-->src/main/AndroidManifest.xml:37:9-35
48        android:testOnly="true"
49        android:theme="@style/AppTheme"
49-->src/main/AndroidManifest.xml:38:9-40
50        android:usesCleartextTraffic="true" >
50-->src/main/AndroidManifest.xml:39:9-44
51        <uses-library
51-->src/main/AndroidManifest.xml:42:9-44:40
52            android:name="org.apache.http.legacy"
52-->src/main/AndroidManifest.xml:43:13-50
53            android:required="false" />
53-->src/main/AndroidManifest.xml:44:13-37
54
55        <service
55-->src/main/AndroidManifest.xml:46:9-49:39
56            android:name="com.SmartTech.teasyNew.NotificationService"
56-->src/main/AndroidManifest.xml:47:13-48
57            android:enabled="true"
57-->src/main/AndroidManifest.xml:48:13-35
58            android:exported="true" />
58-->src/main/AndroidManifest.xml:49:13-36
59
60        <activity
60-->src/main/AndroidManifest.xml:51:9-62:20
61            android:name="com.SmartTech.teasyNew.activity.MainActivity"
61-->src/main/AndroidManifest.xml:52:13-50
62            android:exported="true"
62-->src/main/AndroidManifest.xml:53:13-36
63            android:label="@string/app_name"
63-->src/main/AndroidManifest.xml:54:13-45
64            android:screenOrientation="portrait"
64-->src/main/AndroidManifest.xml:55:13-49
65            android:theme="@style/Activity" >
65-->src/main/AndroidManifest.xml:56:13-44
66            <intent-filter>
66-->src/main/AndroidManifest.xml:57:13-61:29
67                <action android:name="android.intent.action.MAIN" />
67-->src/main/AndroidManifest.xml:58:17-69
67-->src/main/AndroidManifest.xml:58:25-66
68
69                <category android:name="android.intent.category.LAUNCHER" />
69-->src/main/AndroidManifest.xml:60:17-77
69-->src/main/AndroidManifest.xml:60:27-74
70            </intent-filter>
71        </activity>
72        <activity
72-->src/main/AndroidManifest.xml:63:9-66:47
73            android:name="com.SmartTech.teasyNew.activity.ActivityLogin"
73-->src/main/AndroidManifest.xml:64:13-51
74            android:screenOrientation="portrait"
74-->src/main/AndroidManifest.xml:65:13-49
75            android:theme="@style/Activity" />
75-->src/main/AndroidManifest.xml:66:13-44
76        <activity
76-->src/main/AndroidManifest.xml:67:9-70:47
77            android:name="com.SmartTech.teasyNew.activity.ActivityRegistration"
77-->src/main/AndroidManifest.xml:68:13-58
78            android:screenOrientation="portrait"
78-->src/main/AndroidManifest.xml:69:13-49
79            android:theme="@style/Activity" />
79-->src/main/AndroidManifest.xml:70:13-44
80        <activity
80-->src/main/AndroidManifest.xml:71:9-74:47
81            android:name="com.SmartTech.teasyNew.activity.ActivityPhoto"
81-->src/main/AndroidManifest.xml:72:13-51
82            android:screenOrientation="portrait"
82-->src/main/AndroidManifest.xml:73:13-49
83            android:theme="@style/Activity" />
83-->src/main/AndroidManifest.xml:74:13-44
84        <activity
84-->src/main/AndroidManifest.xml:75:9-78:62
85            android:name="com.SmartTech.teasyNew.activity.ExitActivity"
85-->src/main/AndroidManifest.xml:76:13-50
86            android:autoRemoveFromRecents="true"
86-->src/main/AndroidManifest.xml:77:13-49
87            android:theme="@android:style/Theme.NoDisplay" />
87-->src/main/AndroidManifest.xml:78:13-59
88        <activity
88-->src/main/AndroidManifest.xml:79:9-82:47
89            android:name="com.SmartTech.teasyNew.activity.ActivitySplash"
89-->src/main/AndroidManifest.xml:80:13-52
90            android:screenOrientation="portrait"
90-->src/main/AndroidManifest.xml:81:13-49
91            android:theme="@style/Activity" />
91-->src/main/AndroidManifest.xml:82:13-44
92        <activity
92-->src/main/AndroidManifest.xml:83:9-87:48
93            android:name="com.SmartTech.teasyNew.activity.ScannerActivity"
93-->src/main/AndroidManifest.xml:84:13-53
94            android:label="Make Payment"
94-->src/main/AndroidManifest.xml:85:13-41
95            android:screenOrientation="portrait"
95-->src/main/AndroidManifest.xml:86:13-49
96            android:theme="@style/Activity2" />
96-->src/main/AndroidManifest.xml:87:13-45
97        <activity
97-->src/main/AndroidManifest.xml:88:9-92:48
98            android:name="com.SmartTech.teasyNew.activity.ActivityChangePin"
98-->src/main/AndroidManifest.xml:89:13-55
99            android:label="Change PIN"
99-->src/main/AndroidManifest.xml:90:13-39
100            android:screenOrientation="portrait"
100-->src/main/AndroidManifest.xml:91:13-49
101            android:theme="@style/Activity2" />
101-->src/main/AndroidManifest.xml:92:13-45
102
103        <provider
103-->src/main/AndroidManifest.xml:94:9-102:20
104            android:name="androidx.core.content.FileProvider"
104-->src/main/AndroidManifest.xml:95:13-62
105            android:authorities="com.SmartTech.teasy2.fileprovider"
105-->src/main/AndroidManifest.xml:96:13-68
106            android:exported="false"
106-->src/main/AndroidManifest.xml:97:13-37
107            android:grantUriPermissions="true" >
107-->src/main/AndroidManifest.xml:98:13-47
108            <meta-data
108-->src/main/AndroidManifest.xml:99:13-101:54
109                android:name="android.support.FILE_PROVIDER_PATHS"
109-->src/main/AndroidManifest.xml:100:17-67
110                android:resource="@xml/file_paths" />
110-->src/main/AndroidManifest.xml:101:17-51
111        </provider>
112        <provider
112-->[androidx.work:work-runtime:2.7.0-rc01] AndroidManifest.xml:31:9-39:20
113            android:name="androidx.startup.InitializationProvider"
113-->[androidx.work:work-runtime:2.7.0-rc01] AndroidManifest.xml:32:13-67
114            android:authorities="com.newteasypay.android.androidx-startup"
114-->[androidx.work:work-runtime:2.7.0-rc01] AndroidManifest.xml:33:13-68
115            android:exported="false" >
115-->[androidx.work:work-runtime:2.7.0-rc01] AndroidManifest.xml:34:13-37
116            <meta-data
116-->[androidx.work:work-runtime:2.7.0-rc01] AndroidManifest.xml:36:13-38:52
117                android:name="androidx.work.WorkManagerInitializer"
117-->[androidx.work:work-runtime:2.7.0-rc01] AndroidManifest.xml:37:17-68
118                android:value="androidx.startup" />
118-->[androidx.work:work-runtime:2.7.0-rc01] AndroidManifest.xml:38:17-49
119            <meta-data
119-->[androidx.emoji2:emoji2:1.0.0] AndroidManifest.xml:31:13-33:52
120                android:name="androidx.emoji2.text.EmojiCompatInitializer"
120-->[androidx.emoji2:emoji2:1.0.0] AndroidManifest.xml:32:17-75
121                android:value="androidx.startup" />
121-->[androidx.emoji2:emoji2:1.0.0] AndroidManifest.xml:33:17-49
122            <meta-data
122-->[androidx.lifecycle:lifecycle-process:2.4.0] AndroidManifest.xml:31:13-33:52
123                android:name="androidx.lifecycle.ProcessLifecycleInitializer"
123-->[androidx.lifecycle:lifecycle-process:2.4.0] AndroidManifest.xml:32:17-78
124                android:value="androidx.startup" />
124-->[androidx.lifecycle:lifecycle-process:2.4.0] AndroidManifest.xml:33:17-49
125        </provider>
126
127        <service
127-->[androidx.work:work-runtime:2.7.0-rc01] AndroidManifest.xml:41:9-46:35
128            android:name="androidx.work.impl.background.systemalarm.SystemAlarmService"
128-->[androidx.work:work-runtime:2.7.0-rc01] AndroidManifest.xml:42:13-88
129            android:directBootAware="false"
129-->[androidx.work:work-runtime:2.7.0-rc01] AndroidManifest.xml:43:13-44
130            android:enabled="@bool/enable_system_alarm_service_default"
130-->[androidx.work:work-runtime:2.7.0-rc01] AndroidManifest.xml:44:13-72
131            android:exported="false" />
131-->[androidx.work:work-runtime:2.7.0-rc01] AndroidManifest.xml:45:13-37
132        <service
132-->[androidx.work:work-runtime:2.7.0-rc01] AndroidManifest.xml:47:9-53:35
133            android:name="androidx.work.impl.background.systemjob.SystemJobService"
133-->[androidx.work:work-runtime:2.7.0-rc01] AndroidManifest.xml:48:13-84
134            android:directBootAware="false"
134-->[androidx.work:work-runtime:2.7.0-rc01] AndroidManifest.xml:49:13-44
135            android:enabled="@bool/enable_system_job_service_default"
135-->[androidx.work:work-runtime:2.7.0-rc01] AndroidManifest.xml:50:13-70
136            android:exported="true"
136-->[androidx.work:work-runtime:2.7.0-rc01] AndroidManifest.xml:51:13-36
137            android:permission="android.permission.BIND_JOB_SERVICE" />
137-->[androidx.work:work-runtime:2.7.0-rc01] AndroidManifest.xml:52:13-69
138        <service
138-->[androidx.work:work-runtime:2.7.0-rc01] AndroidManifest.xml:54:9-59:35
139            android:name="androidx.work.impl.foreground.SystemForegroundService"
139-->[androidx.work:work-runtime:2.7.0-rc01] AndroidManifest.xml:55:13-81
140            android:directBootAware="false"
140-->[androidx.work:work-runtime:2.7.0-rc01] AndroidManifest.xml:56:13-44
141            android:enabled="@bool/enable_system_foreground_service_default"
141-->[androidx.work:work-runtime:2.7.0-rc01] AndroidManifest.xml:57:13-77
142            android:exported="false" />
142-->[androidx.work:work-runtime:2.7.0-rc01] AndroidManifest.xml:58:13-37
143
144        <receiver
144-->[androidx.work:work-runtime:2.7.0-rc01] AndroidManifest.xml:61:9-66:35
145            android:name="androidx.work.impl.utils.ForceStopRunnable$BroadcastReceiver"
145-->[androidx.work:work-runtime:2.7.0-rc01] AndroidManifest.xml:62:13-88
146            android:directBootAware="false"
146-->[androidx.work:work-runtime:2.7.0-rc01] AndroidManifest.xml:63:13-44
147            android:enabled="true"
147-->[androidx.work:work-runtime:2.7.0-rc01] AndroidManifest.xml:64:13-35
148            android:exported="false" />
148-->[androidx.work:work-runtime:2.7.0-rc01] AndroidManifest.xml:65:13-37
149        <receiver
149-->[androidx.work:work-runtime:2.7.0-rc01] AndroidManifest.xml:67:9-77:20
150            android:name="androidx.work.impl.background.systemalarm.ConstraintProxy$BatteryChargingProxy"
150-->[androidx.work:work-runtime:2.7.0-rc01] AndroidManifest.xml:68:13-106
151            android:directBootAware="false"
151-->[androidx.work:work-runtime:2.7.0-rc01] AndroidManifest.xml:69:13-44
152            android:enabled="false"
152-->[androidx.work:work-runtime:2.7.0-rc01] AndroidManifest.xml:70:13-36
153            android:exported="false" >
153-->[androidx.work:work-runtime:2.7.0-rc01] AndroidManifest.xml:71:13-37
154            <intent-filter>
154-->[androidx.work:work-runtime:2.7.0-rc01] AndroidManifest.xml:73:13-76:29
155                <action android:name="android.intent.action.ACTION_POWER_CONNECTED" />
155-->[androidx.work:work-runtime:2.7.0-rc01] AndroidManifest.xml:74:17-87
155-->[androidx.work:work-runtime:2.7.0-rc01] AndroidManifest.xml:74:25-84
156                <action android:name="android.intent.action.ACTION_POWER_DISCONNECTED" />
156-->[androidx.work:work-runtime:2.7.0-rc01] AndroidManifest.xml:75:17-90
156-->[androidx.work:work-runtime:2.7.0-rc01] AndroidManifest.xml:75:25-87
157            </intent-filter>
158        </receiver>
159        <receiver
159-->[androidx.work:work-runtime:2.7.0-rc01] AndroidManifest.xml:78:9-88:20
160            android:name="androidx.work.impl.background.systemalarm.ConstraintProxy$BatteryNotLowProxy"
160-->[androidx.work:work-runtime:2.7.0-rc01] AndroidManifest.xml:79:13-104
161            android:directBootAware="false"
161-->[androidx.work:work-runtime:2.7.0-rc01] AndroidManifest.xml:80:13-44
162            android:enabled="false"
162-->[androidx.work:work-runtime:2.7.0-rc01] AndroidManifest.xml:81:13-36
163            android:exported="false" >
163-->[androidx.work:work-runtime:2.7.0-rc01] AndroidManifest.xml:82:13-37
164            <intent-filter>
164-->[androidx.work:work-runtime:2.7.0-rc01] AndroidManifest.xml:84:13-87:29
165                <action android:name="android.intent.action.BATTERY_OKAY" />
165-->[androidx.work:work-runtime:2.7.0-rc01] AndroidManifest.xml:85:17-77
165-->[androidx.work:work-runtime:2.7.0-rc01] AndroidManifest.xml:85:25-74
166                <action android:name="android.intent.action.BATTERY_LOW" />
166-->[androidx.work:work-runtime:2.7.0-rc01] AndroidManifest.xml:86:17-76
166-->[androidx.work:work-runtime:2.7.0-rc01] AndroidManifest.xml:86:25-73
167            </intent-filter>
168        </receiver>
169        <receiver
169-->[androidx.work:work-runtime:2.7.0-rc01] AndroidManifest.xml:89:9-99:20
170            android:name="androidx.work.impl.background.systemalarm.ConstraintProxy$StorageNotLowProxy"
170-->[androidx.work:work-runtime:2.7.0-rc01] AndroidManifest.xml:90:13-104
171            android:directBootAware="false"
171-->[androidx.work:work-runtime:2.7.0-rc01] AndroidManifest.xml:91:13-44
172            android:enabled="false"
172-->[androidx.work:work-runtime:2.7.0-rc01] AndroidManifest.xml:92:13-36
173            android:exported="false" >
173-->[androidx.work:work-runtime:2.7.0-rc01] AndroidManifest.xml:93:13-37
174            <intent-filter>
174-->[androidx.work:work-runtime:2.7.0-rc01] AndroidManifest.xml:95:13-98:29
175                <action android:name="android.intent.action.DEVICE_STORAGE_LOW" />
175-->[androidx.work:work-runtime:2.7.0-rc01] AndroidManifest.xml:96:17-83
175-->[androidx.work:work-runtime:2.7.0-rc01] AndroidManifest.xml:96:25-80
176                <action android:name="android.intent.action.DEVICE_STORAGE_OK" />
176-->[androidx.work:work-runtime:2.7.0-rc01] AndroidManifest.xml:97:17-82
176-->[androidx.work:work-runtime:2.7.0-rc01] AndroidManifest.xml:97:25-79
177            </intent-filter>
178        </receiver>
179        <receiver
179-->[androidx.work:work-runtime:2.7.0-rc01] AndroidManifest.xml:100:9-109:20
180            android:name="androidx.work.impl.background.systemalarm.ConstraintProxy$NetworkStateProxy"
180-->[androidx.work:work-runtime:2.7.0-rc01] AndroidManifest.xml:101:13-103
181            android:directBootAware="false"
181-->[androidx.work:work-runtime:2.7.0-rc01] AndroidManifest.xml:102:13-44
182            android:enabled="false"
182-->[androidx.work:work-runtime:2.7.0-rc01] AndroidManifest.xml:103:13-36
183            android:exported="false" >
183-->[androidx.work:work-runtime:2.7.0-rc01] AndroidManifest.xml:104:13-37
184            <intent-filter>
184-->[androidx.work:work-runtime:2.7.0-rc01] AndroidManifest.xml:106:13-108:29
185                <action android:name="android.net.conn.CONNECTIVITY_CHANGE" />
185-->[androidx.work:work-runtime:2.7.0-rc01] AndroidManifest.xml:107:17-79
185-->[androidx.work:work-runtime:2.7.0-rc01] AndroidManifest.xml:107:25-76
186            </intent-filter>
187        </receiver>
188        <receiver
188-->[androidx.work:work-runtime:2.7.0-rc01] AndroidManifest.xml:110:9-121:20
189            android:name="androidx.work.impl.background.systemalarm.RescheduleReceiver"
189-->[androidx.work:work-runtime:2.7.0-rc01] AndroidManifest.xml:111:13-88
190            android:directBootAware="false"
190-->[androidx.work:work-runtime:2.7.0-rc01] AndroidManifest.xml:112:13-44
191            android:enabled="false"
191-->[androidx.work:work-runtime:2.7.0-rc01] AndroidManifest.xml:113:13-36
192            android:exported="false" >
192-->[androidx.work:work-runtime:2.7.0-rc01] AndroidManifest.xml:114:13-37
193            <intent-filter>
193-->[androidx.work:work-runtime:2.7.0-rc01] AndroidManifest.xml:116:13-120:29
194                <action android:name="android.intent.action.BOOT_COMPLETED" />
194-->[androidx.work:work-runtime:2.7.0-rc01] AndroidManifest.xml:117:17-79
194-->[androidx.work:work-runtime:2.7.0-rc01] AndroidManifest.xml:117:25-76
195                <action android:name="android.intent.action.TIME_SET" />
195-->[androidx.work:work-runtime:2.7.0-rc01] AndroidManifest.xml:118:17-73
195-->[androidx.work:work-runtime:2.7.0-rc01] AndroidManifest.xml:118:25-70
196                <action android:name="android.intent.action.TIMEZONE_CHANGED" />
196-->[androidx.work:work-runtime:2.7.0-rc01] AndroidManifest.xml:119:17-81
196-->[androidx.work:work-runtime:2.7.0-rc01] AndroidManifest.xml:119:25-78
197            </intent-filter>
198        </receiver>
199        <receiver
199-->[androidx.work:work-runtime:2.7.0-rc01] AndroidManifest.xml:122:9-131:20
200            android:name="androidx.work.impl.background.systemalarm.ConstraintProxyUpdateReceiver"
200-->[androidx.work:work-runtime:2.7.0-rc01] AndroidManifest.xml:123:13-99
201            android:directBootAware="false"
201-->[androidx.work:work-runtime:2.7.0-rc01] AndroidManifest.xml:124:13-44
202            android:enabled="@bool/enable_system_alarm_service_default"
202-->[androidx.work:work-runtime:2.7.0-rc01] AndroidManifest.xml:125:13-72
203            android:exported="false" >
203-->[androidx.work:work-runtime:2.7.0-rc01] AndroidManifest.xml:126:13-37
204            <intent-filter>
204-->[androidx.work:work-runtime:2.7.0-rc01] AndroidManifest.xml:128:13-130:29
205                <action android:name="androidx.work.impl.background.systemalarm.UpdateProxies" />
205-->[androidx.work:work-runtime:2.7.0-rc01] AndroidManifest.xml:129:17-98
205-->[androidx.work:work-runtime:2.7.0-rc01] AndroidManifest.xml:129:25-95
206            </intent-filter>
207        </receiver>
208        <receiver
208-->[androidx.work:work-runtime:2.7.0-rc01] AndroidManifest.xml:132:9-142:20
209            android:name="androidx.work.impl.diagnostics.DiagnosticsReceiver"
209-->[androidx.work:work-runtime:2.7.0-rc01] AndroidManifest.xml:133:13-78
210            android:directBootAware="false"
210-->[androidx.work:work-runtime:2.7.0-rc01] AndroidManifest.xml:134:13-44
211            android:enabled="true"
211-->[androidx.work:work-runtime:2.7.0-rc01] AndroidManifest.xml:135:13-35
212            android:exported="true"
212-->[androidx.work:work-runtime:2.7.0-rc01] AndroidManifest.xml:136:13-36
213            android:permission="android.permission.DUMP" >
213-->[androidx.work:work-runtime:2.7.0-rc01] AndroidManifest.xml:137:13-57
214            <intent-filter>
214-->[androidx.work:work-runtime:2.7.0-rc01] AndroidManifest.xml:139:13-141:29
215                <action android:name="androidx.work.diagnostics.REQUEST_DIAGNOSTICS" />
215-->[androidx.work:work-runtime:2.7.0-rc01] AndroidManifest.xml:140:17-88
215-->[androidx.work:work-runtime:2.7.0-rc01] AndroidManifest.xml:140:25-85
216            </intent-filter>
217        </receiver>
218
219        <activity
219-->[co.paystack.android:paystack:3.1.2] AndroidManifest.xml:11:9-13:63
220            android:name="co.paystack.android.ui.PinActivity"
220-->[co.paystack.android:paystack:3.1.2] AndroidManifest.xml:12:13-62
221            android:theme="@style/Paystack.Dialog.PinEntry" />
221-->[co.paystack.android:paystack:3.1.2] AndroidManifest.xml:13:13-60
222        <activity
222-->[co.paystack.android:paystack:3.1.2] AndroidManifest.xml:14:9-16:63
223            android:name="co.paystack.android.ui.OtpActivity"
223-->[co.paystack.android:paystack:3.1.2] AndroidManifest.xml:15:13-62
224            android:theme="@style/Paystack.Dialog.OtpEntry" />
224-->[co.paystack.android:paystack:3.1.2] AndroidManifest.xml:16:13-60
225        <activity
225-->[co.paystack.android:paystack:3.1.2] AndroidManifest.xml:17:9-19:63
226            android:name="co.paystack.android.ui.AuthActivity"
226-->[co.paystack.android:paystack:3.1.2] AndroidManifest.xml:18:13-63
227            android:theme="@style/Paystack.Dialog.OtpEntry" />
227-->[co.paystack.android:paystack:3.1.2] AndroidManifest.xml:19:13-60
228        <activity
228-->[co.paystack.android:paystack:3.1.2] AndroidManifest.xml:20:9-22:64
229            android:name="co.paystack.android.ui.CardActivity"
229-->[co.paystack.android:paystack:3.1.2] AndroidManifest.xml:21:13-63
230            android:theme="@style/Paystack.Dialog.CardEntry" />
230-->[co.paystack.android:paystack:3.1.2] AndroidManifest.xml:22:13-61
231        <activity
231-->[co.paystack.android:paystack:3.1.2] AndroidManifest.xml:23:9-25:54
232            android:name="co.paystack.android.ui.AddressVerificationActivity"
232-->[co.paystack.android:paystack:3.1.2] AndroidManifest.xml:24:13-78
233            android:theme="@style/Paystack.Dialog" /> <!-- The activities will be merged into the manifest of the hosting app. -->
233-->[co.paystack.android:paystack:3.1.2] AndroidManifest.xml:25:13-51
234        <activity
234-->[com.google.android.play:core:1.10.3] AndroidManifest.xml:18:9-24:45
235            android:name="com.google.android.play.core.missingsplits.PlayCoreMissingSplitsActivity"
235-->[com.google.android.play:core:1.10.3] AndroidManifest.xml:19:13-100
236            android:enabled="false"
236-->[com.google.android.play:core:1.10.3] AndroidManifest.xml:20:13-36
237            android:exported="false"
237-->[com.google.android.play:core:1.10.3] AndroidManifest.xml:21:13-37
238            android:launchMode="singleInstance"
238-->[com.google.android.play:core:1.10.3] AndroidManifest.xml:22:13-48
239            android:process=":playcore_missing_splits_activity"
239-->[com.google.android.play:core:1.10.3] AndroidManifest.xml:23:13-64
240            android:stateNotNeeded="true" />
240-->[com.google.android.play:core:1.10.3] AndroidManifest.xml:24:13-42
241        <activity
241-->[com.google.android.play:core:1.10.3] AndroidManifest.xml:25:9-29:65
242            android:name="com.google.android.play.core.common.PlayCoreDialogWrapperActivity"
242-->[com.google.android.play:core:1.10.3] AndroidManifest.xml:26:13-93
243            android:exported="false"
243-->[com.google.android.play:core:1.10.3] AndroidManifest.xml:27:13-37
244            android:stateNotNeeded="true"
244-->[com.google.android.play:core:1.10.3] AndroidManifest.xml:28:13-42
245            android:theme="@style/Theme.PlayCore.Transparent" /> <!-- The services will be merged into the manifest of the hosting app. -->
245-->[com.google.android.play:core:1.10.3] AndroidManifest.xml:29:13-62
246        <service
246-->[com.google.android.play:core:1.10.3] AndroidManifest.xml:32:9-39:19
247            android:name="com.google.android.play.core.assetpacks.AssetPackExtractionService"
247-->[com.google.android.play:core:1.10.3] AndroidManifest.xml:33:13-94
248            android:enabled="false"
248-->[com.google.android.play:core:1.10.3] AndroidManifest.xml:34:13-36
249            android:exported="true" >
249-->[com.google.android.play:core:1.10.3] AndroidManifest.xml:35:13-36
250            <meta-data
250-->[com.google.android.play:core:1.10.3] AndroidManifest.xml:36:13-38:41
251                android:name="com.google.android.play.core.assetpacks.versionCode"
251-->[com.google.android.play:core:1.10.3] AndroidManifest.xml:37:17-83
252                android:value="11003" />
252-->[com.google.android.play:core:1.10.3] AndroidManifest.xml:38:17-38
253        </service>
254        <service
254-->[com.google.android.play:core:1.10.3] AndroidManifest.xml:40:9-43:40
255            android:name="com.google.android.play.core.assetpacks.ExtractionForegroundService"
255-->[com.google.android.play:core:1.10.3] AndroidManifest.xml:41:13-95
256            android:enabled="false"
256-->[com.google.android.play:core:1.10.3] AndroidManifest.xml:42:13-36
257            android:exported="false" />
257-->[com.google.android.play:core:1.10.3] AndroidManifest.xml:43:13-37
258        <service
258-->[androidx.room:room-runtime:2.2.5] AndroidManifest.xml:25:9-28:40
259            android:name="androidx.room.MultiInstanceInvalidationService"
259-->[androidx.room:room-runtime:2.2.5] AndroidManifest.xml:26:13-74
260            android:directBootAware="true"
260-->[androidx.room:room-runtime:2.2.5] AndroidManifest.xml:27:13-43
261            android:exported="false" />
261-->[androidx.room:room-runtime:2.2.5] AndroidManifest.xml:28:13-37
262    </application>
263
264</manifest>